<?xml version="1.0" encoding="UTF-8"?>
<!-- Generated by org.testng.reporters.JUnitReportReporter -->
<testsuite skipped="0" hostname="KPs-MacBook-Air.local" name="UITest.DirectExecutionWelds_Activities" tests="1" failures="0" timestamp="22 Mar 2019 18:55:22 GMT" time="67.971" errors="0">
  <testcase name="testApp" time="67.971" classname="UITest.DirectExecutionWelds_Activities"/>
</testsuite> <!-- UITest.DirectExecutionWelds_Activities -->
