<?xml version="1.0" encoding="UTF-8"?>
<!-- Generated by org.testng.reporters.JUnitReportReporter -->
<testsuite skipped="0" hostname="KPs-MacBook-Air.local" name="com.mobile.ragression.HTECRegressionTests01to07" tests="8" failures="0" timestamp="30 Sep 2019 00:44:34 GMT" time="467.948" errors="0">
  <testcase name="OpenApp" time="205.907" classname="com.mobile.ragression.HTECRegressionTests01to07"/>
  <testcase name="HTECRegScenario1" time="101.693" classname="com.mobile.ragression.HTECRegressionTests01to07"/>
  <testcase name="HTECRegScenario2" time="43.861" classname="com.mobile.ragression.HTECRegressionTests01to07"/>
  <testcase name="HTECRegScenario3" time="24.933" classname="com.mobile.ragression.HTECRegressionTests01to07"/>
  <testcase name="HTECRegScenario4" time="21.771" classname="com.mobile.ragression.HTECRegressionTests01to07"/>
  <testcase name="HTECRegScenario5" time="28.943" classname="com.mobile.ragression.HTECRegressionTests01to07"/>
  <testcase name="HTECRegScenario6" time="21.546" classname="com.mobile.ragression.HTECRegressionTests01to07"/>
  <testcase name="HTECRegScenario7" time="19.294" classname="com.mobile.ragression.HTECRegressionTests01to07"/>
</testsuite> <!-- com.mobile.ragression.HTECRegressionTests01to07 -->
