<?xml version="1.0" encoding="UTF-8"?>
<!-- Generated by org.testng.reporters.JUnitReportReporter -->
<testsuite skipped="0" hostname="KPs-MacBook-Air.local" name="UITest.IOSStandalone" tests="1" failures="0" timestamp="22 Mar 2019 19:44:14 GMT" time="1105.957" errors="0">
  <testcase name="testApp" time="1105.957" classname="UITest.IOSStandalone"/>
</testsuite> <!-- UITest.IOSStandalone -->
