<?xml version="1.0" encoding="UTF-8"?>
<!-- Generated by org.testng.reporters.JUnitReportReporter -->
<testsuite skipped="0" hostname="KPs-MacBook-Air.local" name="com.mobile.ragression.HBGRegressionTests07to12" tests="7" failures="0" timestamp="22 Nov 2019 22:16:27 GMT" time="317.540" errors="0">
  <testcase name="OpenApp" time="140.595" classname="com.mobile.ragression.HBGRegressionTests07to12"/>
  <testcase name="HBGRegScenario7" time="54.005" classname="com.mobile.ragression.HBGRegressionTests07to12"/>
  <testcase name="HBGRegScenario8" time="35.177" classname="com.mobile.ragression.HBGRegressionTests07to12"/>
  <testcase name="HBGRegScenario9" time="21.507" classname="com.mobile.ragression.HBGRegressionTests07to12"/>
  <testcase name="HBGRegScenario10" time="23.969" classname="com.mobile.ragression.HBGRegressionTests07to12"/>
  <testcase name="HBGRegScenario11" time="21.430" classname="com.mobile.ragression.HBGRegressionTests07to12"/>
  <testcase name="HBGRegScenario12" time="20.857" classname="com.mobile.ragression.HBGRegressionTests07to12"/>
</testsuite> <!-- com.mobile.ragression.HBGRegressionTests07to12 -->
