<?xml version="1.0" encoding="UTF-8"?>
<!-- Generated by org.testng.reporters.JUnitReportReporter -->
<testsuite skipped="0" hostname="KPs-MacBook-Air.local" name="com.mobile.datamanage.config.HBGSmokeTests" tests="13" failures="0" timestamp="22 Nov 2019 21:58:27 GMT" time="602.087" errors="0">
  <testcase name="OpenApp" time="25.794" classname="com.mobile.datamanage.config.HBGSmokeTests"/>
  <testcase name="newReport" time="48.065" classname="com.mobile.datamanage.config.HBGSmokeTests"/>
  <testcase name="ShiftStart" time="63.261" classname="com.mobile.datamanage.config.HBGSmokeTests"/>
  <testcase name="JobInfo" time="192.547" classname="com.mobile.datamanage.config.HBGSmokeTests"/>
  <testcase name="Activities" time="22.514" classname="com.mobile.datamanage.config.HBGSmokeTests"/>
  <testcase name="InventoryUsage" time="25.416" classname="com.mobile.datamanage.config.HBGSmokeTests"/>
  <testcase name="HyRailBrake" time="100.232" classname="com.mobile.datamanage.config.HBGSmokeTests"/>
  <testcase name="EndShift" time="14.798" classname="com.mobile.datamanage.config.HBGSmokeTests"/>
  <testcase name="CrewTime" time="13.913" classname="com.mobile.datamanage.config.HBGSmokeTests"/>
  <testcase name="ProductionValues" time="14.202" classname="com.mobile.datamanage.config.HBGSmokeTests"/>
  <testcase name="DoneActivities" time="34.745" classname="com.mobile.datamanage.config.HBGSmokeTests"/>
  <testcase name="ReviewFullReport" time="15.867" classname="com.mobile.datamanage.config.HBGSmokeTests"/>
  <testcase name="Signature" time="30.733" classname="com.mobile.datamanage.config.HBGSmokeTests"/>
</testsuite> <!-- com.mobile.datamanage.config.HBGSmokeTests -->
