<?xml version="1.0" encoding="UTF-8"?>
<!-- Generated by org.testng.reporters.JUnitReportReporter -->
<testsuite skipped="0" hostname="KPs-MacBook-Air.local" name="com.mobile.datamanage.config.ModProSmokeTests" tests="14" failures="0" timestamp="18 Jul 2019 15:52:27 GMT" time="798.158" errors="0">
  <testcase name="OpenApp" time="17.733" classname="com.mobile.datamanage.config.ModProSmokeTests"/>
  <testcase name="newReport" time="35.157" classname="com.mobile.datamanage.config.ModProSmokeTests"/>
  <testcase name="ShiftStart" time="90.691" classname="com.mobile.datamanage.config.ModProSmokeTests"/>
  <testcase name="JobInfo" time="304.630" classname="com.mobile.datamanage.config.ModProSmokeTests"/>
  <testcase name="Welds_Activities" time="16.438" classname="com.mobile.datamanage.config.ModProSmokeTests"/>
  <testcase name="MissedWelds" time="14.269" classname="com.mobile.datamanage.config.ModProSmokeTests"/>
  <testcase name="Inventory" time="6.354" classname="com.mobile.datamanage.config.ModProSmokeTests"/>
  <testcase name="HyRailBrake" time="110.482" classname="com.mobile.datamanage.config.ModProSmokeTests"/>
  <testcase name="EndShift" time="27.891" classname="com.mobile.datamanage.config.ModProSmokeTests"/>
  <testcase name="CrewTime" time="26.293" classname="com.mobile.datamanage.config.ModProSmokeTests"/>
  <testcase name="ProductionValue" time="84.552" classname="com.mobile.datamanage.config.ModProSmokeTests"/>
  <testcase name="CheckingWeldsActivities" time="33.108" classname="com.mobile.datamanage.config.ModProSmokeTests"/>
  <testcase name="ReviewFullReport" time="4.475" classname="com.mobile.datamanage.config.ModProSmokeTests"/>
  <testcase name="Signature" time="26.085" classname="com.mobile.datamanage.config.ModProSmokeTests"/>
</testsuite> <!-- com.mobile.datamanage.config.ModProSmokeTests -->
