<?xml version="1.0" encoding="UTF-8"?>
<!-- Generated by org.testng.reporters.JUnitReportReporter -->
<testsuite skipped="0" hostname="KPs-MacBook-Air.local" name="com.mobile.ragression.HTECRegressionTests08to14" tests="8" failures="0" timestamp="30 Sep 2019 00:52:34 GMT" time="451.262" errors="0">
  <testcase name="OpenApp" time="177.137" classname="com.mobile.ragression.HTECRegressionTests08to14"/>
  <testcase name="HTECRegScenario08" time="116.684" classname="com.mobile.ragression.HTECRegressionTests08to14"/>
  <testcase name="HTECRegScenario09" time="49.556" classname="com.mobile.ragression.HTECRegressionTests08to14"/>
  <testcase name="HTECRegScenario10" time="21.962" classname="com.mobile.ragression.HTECRegressionTests08to14"/>
  <testcase name="HTECRegScenario11" time="21.833" classname="com.mobile.ragression.HTECRegressionTests08to14"/>
  <testcase name="HTECRegScenario12" time="22.899" classname="com.mobile.ragression.HTECRegressionTests08to14"/>
  <testcase name="HTECRegScenario13" time="21.650" classname="com.mobile.ragression.HTECRegressionTests08to14"/>
  <testcase name="HTECRegScenario14" time="19.541" classname="com.mobile.ragression.HTECRegressionTests08to14"/>
</testsuite> <!-- com.mobile.ragression.HTECRegressionTests08to14 -->
