<?xml version="1.0" encoding="UTF-8"?>
<!-- Generated by org.testng.reporters.JUnitReportReporter -->
<testsuite skipped="0" hostname="KPs-MacBook-Air.local" name="com.mobile.datamanage.config.ModProSmokeTests" tests="14" failures="0" timestamp="10 Apr 2019 16:18:07 GMT" time="1021.173" errors="0">
  <testcase name="OpenApp" time="13.735" classname="com.mobile.datamanage.config.ModProSmokeTests"/>
  <testcase name="newReport" time="51.355" classname="com.mobile.datamanage.config.ModProSmokeTests"/>
  <testcase name="ShiftStart" time="164.783" classname="com.mobile.datamanage.config.ModProSmokeTests"/>
  <testcase name="JobInfo" time="354.030" classname="com.mobile.datamanage.config.ModProSmokeTests"/>
  <testcase name="Welds_Activities" time="19.217" classname="com.mobile.datamanage.config.ModProSmokeTests"/>
  <testcase name="MissedWelds" time="17.902" classname="com.mobile.datamanage.config.ModProSmokeTests"/>
  <testcase name="Inventory" time="6.260" classname="com.mobile.datamanage.config.ModProSmokeTests"/>
  <testcase name="HyRailBrake" time="140.505" classname="com.mobile.datamanage.config.ModProSmokeTests"/>
  <testcase name="EndShift" time="36.129" classname="com.mobile.datamanage.config.ModProSmokeTests"/>
  <testcase name="CrewTime" time="25.668" classname="com.mobile.datamanage.config.ModProSmokeTests"/>
  <testcase name="ProductionValue" time="116.596" classname="com.mobile.datamanage.config.ModProSmokeTests"/>
  <testcase name="CheckingWeldsActivities" time="34.262" classname="com.mobile.datamanage.config.ModProSmokeTests"/>
  <testcase name="ReviewFullReport" time="4.527" classname="com.mobile.datamanage.config.ModProSmokeTests"/>
  <testcase name="Signature" time="36.204" classname="com.mobile.datamanage.config.ModProSmokeTests"/>
</testsuite> <!-- com.mobile.datamanage.config.ModProSmokeTests -->
