<?xml version="1.0" encoding="UTF-8"?>
<!-- Generated by org.testng.reporters.JUnitReportReporter -->
<testsuite skipped="0" hostname="KPs-MacBook-Air.local" name="UITest.KaivalyaApp" tests="1" failures="0" timestamp="18 Jan 2019 15:00:54 GMT" time="70.876" errors="0">
  <testcase name="testApp" time="70.876" classname="UITest.KaivalyaApp"/>
</testsuite> <!-- UITest.KaivalyaApp -->
