<?xml version="1.0" encoding="UTF-8"?>
<!-- Generated by org.testng.reporters.JUnitReportReporter -->
<testsuite skipped="0" hostname="KPs-MacBook-Air.local" name="com.mobile.datamanage.config.ModProSmokeTests" tests="14" failures="0" timestamp="02 Oct 2019 18:19:42 GMT" time="838.664" errors="0">
  <testcase name="OpenApp" time="25.963" classname="com.mobile.datamanage.config.ModProSmokeTests"/>
  <testcase name="newReport" time="35.232" classname="com.mobile.datamanage.config.ModProSmokeTests"/>
  <testcase name="ShiftStart" time="98.443" classname="com.mobile.datamanage.config.ModProSmokeTests"/>
  <testcase name="JobInfo" time="318.686" classname="com.mobile.datamanage.config.ModProSmokeTests"/>
  <testcase name="Welds_Activities" time="16.586" classname="com.mobile.datamanage.config.ModProSmokeTests"/>
  <testcase name="MissedWelds" time="14.532" classname="com.mobile.datamanage.config.ModProSmokeTests"/>
  <testcase name="Inventory" time="6.465" classname="com.mobile.datamanage.config.ModProSmokeTests"/>
  <testcase name="HyRailBrake" time="117.459" classname="com.mobile.datamanage.config.ModProSmokeTests"/>
  <testcase name="EndShift" time="30.389" classname="com.mobile.datamanage.config.ModProSmokeTests"/>
  <testcase name="CrewTime" time="26.288" classname="com.mobile.datamanage.config.ModProSmokeTests"/>
  <testcase name="ProductionValue" time="84.524" classname="com.mobile.datamanage.config.ModProSmokeTests"/>
  <testcase name="CheckingWeldsActivities" time="33.351" classname="com.mobile.datamanage.config.ModProSmokeTests"/>
  <testcase name="ReviewFullReport" time="4.474" classname="com.mobile.datamanage.config.ModProSmokeTests"/>
  <testcase name="Signature" time="26.272" classname="com.mobile.datamanage.config.ModProSmokeTests"/>
</testsuite> <!-- com.mobile.datamanage.config.ModProSmokeTests -->
