<?xml version="1.0" encoding="UTF-8"?>
<!-- Generated by org.testng.reporters.JUnitReportReporter -->
<testsuite skipped="0" hostname="KPs-MacBook-Air.local" name="com.mobile.ragression.ModProRegressionTests31to36" tests="7" failures="0" timestamp="04 Oct 2019 22:14:02 GMT" time="394.472" errors="0">
  <testcase name="OpenApp" time="150.585" classname="com.mobile.ragression.ModProRegressionTests31to36"/>
  <testcase name="ModProRegScenario31" time="81.324" classname="com.mobile.ragression.ModProRegressionTests31to36"/>
  <testcase name="ModProRegScenario32" time="50.017" classname="com.mobile.ragression.ModProRegressionTests31to36"/>
  <testcase name="ModProRegScenario33" time="56.396" classname="com.mobile.ragression.ModProRegressionTests31to36"/>
  <testcase name="ModProRegScenario34" time="10.541" classname="com.mobile.ragression.ModProRegressionTests31to36"/>
  <testcase name="ModProRegScenario35" time="25.397" classname="com.mobile.ragression.ModProRegressionTests31to36"/>
  <testcase name="ModProRegScenario36" time="20.212" classname="com.mobile.ragression.ModProRegressionTests31to36"/>
</testsuite> <!-- com.mobile.ragression.ModProRegressionTests31to36 -->
