<?xml version="1.0" encoding="UTF-8"?>
<!-- Generated by org.testng.reporters.JUnitReportReporter -->
<testsuite skipped="0" hostname="KPs-MacBook-Air.local" name="com.mobile.ragression.HBGRegressionTests13to18" tests="7" failures="0" timestamp="22 Nov 2019 22:22:08 GMT" time="315.117" errors="0">
  <testcase name="OpenApp" time="144.455" classname="com.mobile.ragression.HBGRegressionTests13to18"/>
  <testcase name="HBGRegScenario13" time="46.684" classname="com.mobile.ragression.HBGRegressionTests13to18"/>
  <testcase name="HBGRegScenario14" time="25.150" classname="com.mobile.ragression.HBGRegressionTests13to18"/>
  <testcase name="HBGRegScenario15" time="22.325" classname="com.mobile.ragression.HBGRegressionTests13to18"/>
  <testcase name="HBGRegScenario16" time="21.496" classname="com.mobile.ragression.HBGRegressionTests13to18"/>
  <testcase name="HBGRegScenario17" time="23.427" classname="com.mobile.ragression.HBGRegressionTests13to18"/>
  <testcase name="HBGRegScenario18" time="31.580" classname="com.mobile.ragression.HBGRegressionTests13to18"/>
</testsuite> <!-- com.mobile.ragression.HBGRegressionTests13to18 -->
