<?xml version="1.0" encoding="UTF-8"?>
<!-- Generated by org.testng.reporters.JUnitReportReporter -->
<testsuite skipped="0" hostname="KPs-MacBook-Air.local" name="com.mobile.ragression.HTECRegressionTests21to26" tests="7" failures="0" timestamp="27 Sep 2019 19:17:14 GMT" time="383.226" errors="0">
  <testcase name="OpenApp" time="122.324" classname="com.mobile.ragression.HTECRegressionTests21to26"/>
  <testcase name="HTECRegScenario21" time="80.244" classname="com.mobile.ragression.HTECRegressionTests21to26"/>
  <testcase name="HTECRegScenario22" time="62.023" classname="com.mobile.ragression.HTECRegressionTests21to26"/>
  <testcase name="HTECRegScenario23" time="21.716" classname="com.mobile.ragression.HTECRegressionTests21to26"/>
  <testcase name="HTECRegScenario24" time="54.568" classname="com.mobile.ragression.HTECRegressionTests21to26"/>
  <testcase name="HTECRegScenario25" time="21.076" classname="com.mobile.ragression.HTECRegressionTests21to26"/>
  <testcase name="HTECRegScenario26" time="21.275" classname="com.mobile.ragression.HTECRegressionTests21to26"/>
</testsuite> <!-- com.mobile.ragression.HTECRegressionTests21to26 -->
