<?xml version="1.0" encoding="UTF-8"?>
<!-- Generated by org.testng.reporters.JUnitReportReporter -->
<testsuite skipped="0" hostname="KPs-MacBook-Air.local" name="com.mobile.hybrid.KpTest" tests="1" failures="0" timestamp="23 Jan 2019 22:32:52 GMT" time="12.733" errors="0">
  <testcase name="testInc" time="12.733" classname="com.mobile.hybrid.KpTest"/>
</testsuite> <!-- com.mobile.hybrid.KpTest -->
