<?xml version="1.0" encoding="UTF-8"?>
<!-- Generated by org.testng.reporters.JUnitReportReporter -->
<testsuite skipped="0" hostname="KPs-MacBook-Air.local" name="com.mobile.ragression.ModProRegressionTests37to42" tests="7" failures="0" timestamp="07 Jun 2019 20:15:39 GMT" time="322.018" errors="0">
  <testcase name="OpenApp" time="153.890" classname="com.mobile.ragression.ModProRegressionTests37to42"/>
  <testcase name="ModProRegScenario37" time="68.921" classname="com.mobile.ragression.ModProRegressionTests37to42"/>
  <testcase name="ModProRegScenario38" time="24.939" classname="com.mobile.ragression.ModProRegressionTests37to42"/>
  <testcase name="ModProRegScenario39" time="24.796" classname="com.mobile.ragression.ModProRegressionTests37to42"/>
  <testcase name="ModProRegScenario40" time="2.174" classname="com.mobile.ragression.ModProRegressionTests37to42"/>
  <testcase name="ModProRegScenario41" time="25.789" classname="com.mobile.ragression.ModProRegressionTests37to42"/>
  <testcase name="ModProRegScenario42" time="21.509" classname="com.mobile.ragression.ModProRegressionTests37to42"/>
</testsuite> <!-- com.mobile.ragression.ModProRegressionTests37to42 -->
