<?xml version="1.0" encoding="UTF-8"?>
<!-- Generated by org.testng.reporters.JUnitReportReporter -->
<testsuite skipped="0" hostname="KPs-MacBook-Air.local" name="com.mobile.functional.HBGFunctionalTests1" tests="9" failures="0" timestamp="22 Nov 2019 17:13:07 GMT" time="188.935" errors="0">
  <testcase name="OpenApp" time="131.616" classname="com.mobile.functional.HBGFunctionalTests1"/>
  <testcase name="HBGFunctionalTest" time="6.521" classname="com.mobile.functional.HBGFunctionalTests1"/>
  <testcase name="HBGFunctionalTest2" time="23.850" classname="com.mobile.functional.HBGFunctionalTests1"/>
  <testcase name="HBGFunctionalTest3" time="24.092" classname="com.mobile.functional.HBGFunctionalTests1"/>
  <testcase name="HBGFunctionalTest4" time="0.586" classname="com.mobile.functional.HBGFunctionalTests1"/>
  <testcase name="HBGFunctionalTest5" time="0.562" classname="com.mobile.functional.HBGFunctionalTests1"/>
  <testcase name="HBGFunctionalTest6" time="0.579" classname="com.mobile.functional.HBGFunctionalTests1"/>
  <testcase name="HBGFunctionalTest7" time="0.560" classname="com.mobile.functional.HBGFunctionalTests1"/>
  <testcase name="HBGFunctionalTest8" time="0.569" classname="com.mobile.functional.HBGFunctionalTests1"/>
</testsuite> <!-- com.mobile.functional.HBGFunctionalTests1 -->
