<?xml version="1.0" encoding="UTF-8"?>
<!-- Generated by org.testng.reporters.JUnitReportReporter -->
<testsuite skipped="0" hostname="KPs-MacBook-Air.local" name="com.mobile.datamanage.config.HTECSmokeTests" tests="15" failures="0" timestamp="27 Sep 2019 15:16:57 GMT" time="822.103" errors="0">
  <testcase name="OpenApp" time="17.754" classname="com.mobile.datamanage.config.HTECSmokeTests"/>
  <testcase name="newReport" time="39.603" classname="com.mobile.datamanage.config.HTECSmokeTests"/>
  <testcase name="ShiftStart" time="79.978" classname="com.mobile.datamanage.config.HTECSmokeTests"/>
  <testcase name="JobInfo" time="382.544" classname="com.mobile.datamanage.config.HTECSmokeTests"/>
  <testcase name="Activities" time="23.239" classname="com.mobile.datamanage.config.HTECSmokeTests"/>
  <testcase name="InventoryUsage" time="25.017" classname="com.mobile.datamanage.config.HTECSmokeTests"/>
  <testcase name="Equipments" time="9.640" classname="com.mobile.datamanage.config.HTECSmokeTests"/>
  <testcase name="MaterialUsage" time="13.929" classname="com.mobile.datamanage.config.HTECSmokeTests"/>
  <testcase name="HyRailBrake" time="65.876" classname="com.mobile.datamanage.config.HTECSmokeTests"/>
  <testcase name="EndShift" time="30.390" classname="com.mobile.datamanage.config.HTECSmokeTests"/>
  <testcase name="CrewTime" time="21.548" classname="com.mobile.datamanage.config.HTECSmokeTests"/>
  <testcase name="ProductionValues" time="51.934" classname="com.mobile.datamanage.config.HTECSmokeTests"/>
  <testcase name="DoneActivities" time="30.180" classname="com.mobile.datamanage.config.HTECSmokeTests"/>
  <testcase name="ReviewFullReport" time="3.797" classname="com.mobile.datamanage.config.HTECSmokeTests"/>
  <testcase name="Signature" time="26.674" classname="com.mobile.datamanage.config.HTECSmokeTests"/>
</testsuite> <!-- com.mobile.datamanage.config.HTECSmokeTests -->
