<?xml version="1.0" encoding="UTF-8"?>
<!-- Generated by org.testng.reporters.JUnitReportReporter -->
<testsuite skipped="0" hostname="KPs-MacBook-Air.local" name="com.mobile.ragression.HTECTegressionTests01to07" tests="8" failures="0" timestamp="21 Jun 2019 21:16:38 GMT" time="397.509" errors="0">
  <testcase name="OpenApp" time="140.044" classname="com.mobile.ragression.HTECTegressionTests01to07"/>
  <testcase name="HTECRegScenario1" time="97.040" classname="com.mobile.ragression.HTECTegressionTests01to07"/>
  <testcase name="HTECRegScenario2" time="60.275" classname="com.mobile.ragression.HTECTegressionTests01to07"/>
  <testcase name="HTECRegScenario3" time="20.337" classname="com.mobile.ragression.HTECTegressionTests01to07"/>
  <testcase name="HTECRegScenario4" time="20.173" classname="com.mobile.ragression.HTECTegressionTests01to07"/>
  <testcase name="HTECRegScenario5" time="20.177" classname="com.mobile.ragression.HTECTegressionTests01to07"/>
  <testcase name="HTECRegScenario6" time="20.192" classname="com.mobile.ragression.HTECTegressionTests01to07"/>
  <testcase name="HTECRegScenario7" time="19.271" classname="com.mobile.ragression.HTECTegressionTests01to07"/>
</testsuite> <!-- com.mobile.ragression.HTECTegressionTests01to07 -->
