<?xml version="1.0" encoding="UTF-8"?>
<!-- Generated by org.testng.reporters.JUnitReportReporter -->
<testsuite skipped="0" hostname="KPs-MacBook-Air.local" name="com.mobile.ragression.HTECTegressionTests15to20" tests="7" failures="0" timestamp="03 Jul 2019 16:44:45 GMT" time="387.807" errors="0">
  <testcase name="OpenApp" time="135.677" classname="com.mobile.ragression.HTECTegressionTests15to20"/>
  <testcase name="HTECRegScenario15" time="66.882" classname="com.mobile.ragression.HTECTegressionTests15to20"/>
  <testcase name="HTECRegScenario16" time="31.376" classname="com.mobile.ragression.HTECTegressionTests15to20"/>
  <testcase name="HTECRegScenario17" time="79.175" classname="com.mobile.ragression.HTECTegressionTests15to20"/>
  <testcase name="HTECRegScenario18" time="32.627" classname="com.mobile.ragression.HTECTegressionTests15to20"/>
  <testcase name="HTECRegScenario19" time="21.037" classname="com.mobile.ragression.HTECTegressionTests15to20"/>
  <testcase name="HTECRegScenario20" time="21.033" classname="com.mobile.ragression.HTECTegressionTests15to20"/>
</testsuite> <!-- com.mobile.ragression.HTECTegressionTests15to20 -->
