<?xml version="1.0" encoding="UTF-8"?>
<!-- Generated by org.testng.reporters.JUnitReportReporter -->
<testsuite skipped="0" hostname="KPs-MacBook-Air.local" name="com.mobile.ragression.ModProRegressionTests19to24" tests="7" failures="0" timestamp="18 Jul 2019 16:35:35 GMT" time="377.155" errors="0">
  <testcase name="OpenApp" time="150.686" classname="com.mobile.ragression.ModProRegressionTests19to24"/>
  <testcase name="ModProRegScenario19" time="68.473" classname="com.mobile.ragression.ModProRegressionTests19to24"/>
  <testcase name="ModProRegScenario20" time="27.588" classname="com.mobile.ragression.ModProRegressionTests19to24"/>
  <testcase name="ModProRegScenario21" time="53.448" classname="com.mobile.ragression.ModProRegressionTests19to24"/>
  <testcase name="ModProRegScenario22" time="35.447" classname="com.mobile.ragression.ModProRegressionTests19to24"/>
  <testcase name="ModProRegScenario23" time="20.730" classname="com.mobile.ragression.ModProRegressionTests19to24"/>
  <testcase name="ModProRegScenario24" time="20.783" classname="com.mobile.ragression.ModProRegressionTests19to24"/>
</testsuite> <!-- com.mobile.ragression.ModProRegressionTests19to24 -->
