<?xml version="1.0" encoding="UTF-8"?>
<!-- Generated by org.testng.reporters.JUnitReportReporter -->
<testsuite skipped="0" hostname="KPs-MacBook-Air.local" name="com.mobile.ragression.HTECRegressionTests27to32" tests="7" failures="0" timestamp="27 Sep 2019 19:26:10 GMT" time="367.001" errors="0">
  <testcase name="OpenApp" time="127.423" classname="com.mobile.ragression.HTECRegressionTests27to32"/>
  <testcase name="HTECRegScenario27" time="68.716" classname="com.mobile.ragression.HTECRegressionTests27to32"/>
  <testcase name="HTECRegScenario28" time="33.074" classname="com.mobile.ragression.HTECRegressionTests27to32"/>
  <testcase name="HTECRegScenario29" time="31.304" classname="com.mobile.ragression.HTECRegressionTests27to32"/>
  <testcase name="HTECRegScenario30" time="32.815" classname="com.mobile.ragression.HTECRegressionTests27to32"/>
  <testcase name="HTECRegScenario31" time="31.717" classname="com.mobile.ragression.HTECRegressionTests27to32"/>
  <testcase name="HTECRegScenario32" time="41.952" classname="com.mobile.ragression.HTECRegressionTests27to32"/>
</testsuite> <!-- com.mobile.ragression.HTECRegressionTests27to32 -->
