<?xml version="1.0" encoding="UTF-8"?>
<!-- Generated by org.testng.reporters.JUnitReportReporter -->
<testsuite skipped="0" hostname="KPs-MacBook-Air.local" name="com.mobile.ragression.HTECTegressionTests08to14" tests="8" failures="0" timestamp="27 Jun 2019 21:10:49 GMT" time="411.759" errors="0">
  <testcase name="OpenApp" time="151.878" classname="com.mobile.ragression.HTECTegressionTests08to14"/>
  <testcase name="HTECRegScenario1" time="98.553" classname="com.mobile.ragression.HTECTegressionTests08to14"/>
  <testcase name="HTECRegScenario2" time="61.187" classname="com.mobile.ragression.HTECTegressionTests08to14"/>
  <testcase name="HTECRegScenario3" time="20.330" classname="com.mobile.ragression.HTECTegressionTests08to14"/>
  <testcase name="HTECRegScenario4" time="20.157" classname="com.mobile.ragression.HTECTegressionTests08to14"/>
  <testcase name="HTECRegScenario5" time="20.105" classname="com.mobile.ragression.HTECTegressionTests08to14"/>
  <testcase name="HTECRegScenario6" time="20.247" classname="com.mobile.ragression.HTECTegressionTests08to14"/>
  <testcase name="HTECRegScenario7" time="19.302" classname="com.mobile.ragression.HTECTegressionTests08to14"/>
</testsuite> <!-- com.mobile.ragression.HTECTegressionTests08to14 -->
