<?xml version="1.0" encoding="UTF-8"?>
<!-- Generated by org.testng.reporters.JUnitReportReporter -->
<testsuite skipped="0" hostname="KPs-MacBook-Air.local" name="com.mobile.ragression.HTECTegressionTests21to26" tests="7" failures="0" timestamp="03 Jul 2019 02:50:47 GMT" time="416.885" errors="0">
  <testcase name="OpenApp" time="187.692" classname="com.mobile.ragression.HTECTegressionTests21to26"/>
  <testcase name="HTECRegScenario21" time="78.092" classname="com.mobile.ragression.HTECTegressionTests21to26"/>
  <testcase name="HTECRegScenario22" time="60.440" classname="com.mobile.ragression.HTECTegressionTests21to26"/>
  <testcase name="HTECRegScenario23" time="21.540" classname="com.mobile.ragression.HTECTegressionTests21to26"/>
  <testcase name="HTECRegScenario24" time="25.490" classname="com.mobile.ragression.HTECTegressionTests21to26"/>
  <testcase name="HTECRegScenario25" time="20.989" classname="com.mobile.ragression.HTECTegressionTests21to26"/>
  <testcase name="HTECRegScenario26" time="22.642" classname="com.mobile.ragression.HTECTegressionTests21to26"/>
</testsuite> <!-- com.mobile.ragression.HTECTegressionTests21to26 -->
