<?xml version="1.0" encoding="UTF-8"?>
<!-- Generated by org.testng.reporters.JUnitReportReporter -->
<testsuite skipped="0" hostname="KPs-MacBook-Air.local" name="com.mobile.datamanage.config.HTECSmokeTests" tests="15" failures="0" timestamp="07 May 2019 15:58:05 GMT" time="883.263" errors="0">
  <testcase name="OpenApp" time="55.860" classname="com.mobile.datamanage.config.HTECSmokeTests"/>
  <testcase name="newReport" time="42.134" classname="com.mobile.datamanage.config.HTECSmokeTests"/>
  <testcase name="ShiftStart" time="94.650" classname="com.mobile.datamanage.config.HTECSmokeTests"/>
  <testcase name="JobInfo" time="383.495" classname="com.mobile.datamanage.config.HTECSmokeTests"/>
  <testcase name="Activities" time="23.451" classname="com.mobile.datamanage.config.HTECSmokeTests"/>
  <testcase name="InventoryUsage" time="24.898" classname="com.mobile.datamanage.config.HTECSmokeTests"/>
  <testcase name="Equipments" time="14.562" classname="com.mobile.datamanage.config.HTECSmokeTests"/>
  <testcase name="MaterialUsage" time="13.831" classname="com.mobile.datamanage.config.HTECSmokeTests"/>
  <testcase name="HyRailBrake" time="66.550" classname="com.mobile.datamanage.config.HTECSmokeTests"/>
  <testcase name="EndShift" time="30.566" classname="com.mobile.datamanage.config.HTECSmokeTests"/>
  <testcase name="CrewTime" time="19.815" classname="com.mobile.datamanage.config.HTECSmokeTests"/>
  <testcase name="ProductionValues" time="52.652" classname="com.mobile.datamanage.config.HTECSmokeTests"/>
  <testcase name="DoneActivities" time="29.994" classname="com.mobile.datamanage.config.HTECSmokeTests"/>
  <testcase name="ReviewFullReport" time="3.824" classname="com.mobile.datamanage.config.HTECSmokeTests"/>
  <testcase name="Signature" time="26.981" classname="com.mobile.datamanage.config.HTECSmokeTests"/>
</testsuite> <!-- com.mobile.datamanage.config.HTECSmokeTests -->
