<?xml version="1.0" encoding="UTF-8"?>
<!-- Generated by org.testng.reporters.JUnitReportReporter -->
<testsuite skipped="0" hostname="KPs-MacBook-Air.local" name="com.mobile.ragression.ModProSmokeTests13to18" tests="7" failures="0" timestamp="05 Jun 2019 19:45:04 GMT" time="409.886" errors="0">
  <testcase name="OpenApp" time="201.713" classname="com.mobile.ragression.ModProSmokeTests13to18"/>
  <testcase name="ModProRegScenario13" time="82.617" classname="com.mobile.ragression.ModProSmokeTests13to18"/>
  <testcase name="ModProRegScenario14" time="33.545" classname="com.mobile.ragression.ModProSmokeTests13to18"/>
  <testcase name="ModProRegScenario15" time="21.958" classname="com.mobile.ragression.ModProSmokeTests13to18"/>
  <testcase name="ModProRegScenario16" time="21.360" classname="com.mobile.ragression.ModProSmokeTests13to18"/>
  <testcase name="ModProRegScenario17" time="21.502" classname="com.mobile.ragression.ModProSmokeTests13to18"/>
  <testcase name="ModProRegScenario18" time="27.191" classname="com.mobile.ragression.ModProSmokeTests13to18"/>
</testsuite> <!-- com.mobile.ragression.ModProSmokeTests13to18 -->
