<?xml version="1.0" encoding="UTF-8"?>
<!-- Generated by org.testng.reporters.JUnitReportReporter -->
<testsuite skipped="0" hostname="KPs-MacBook-Air.local" name="com.mobile.ragression.HBGRegressionTests01to06" tests="7" failures="0" timestamp="13 Jun 2019 18:14:56 GMT" time="300.420" errors="0">
  <testcase name="OpenApp" time="124.370" classname="com.mobile.ragression.HBGRegressionTests01to06"/>
  <testcase name="ModProRegScenario1" time="66.023" classname="com.mobile.ragression.HBGRegressionTests01to06"/>
  <testcase name="ModProRegScenario2" time="28.819" classname="com.mobile.ragression.HBGRegressionTests01to06"/>
  <testcase name="ModProRegScenario3" time="20.333" classname="com.mobile.ragression.HBGRegressionTests01to06"/>
  <testcase name="ModProRegScenario4" time="20.300" classname="com.mobile.ragression.HBGRegressionTests01to06"/>
  <testcase name="ModProRegScenario5" time="20.276" classname="com.mobile.ragression.HBGRegressionTests01to06"/>
  <testcase name="ModProRegScenario6" time="20.299" classname="com.mobile.ragression.HBGRegressionTests01to06"/>
</testsuite> <!-- com.mobile.ragression.HBGRegressionTests01to06 -->
