<?xml version="1.0" encoding="UTF-8"?>
<!-- Generated by org.testng.reporters.JUnitReportReporter -->
<testsuite skipped="0" hostname="KPs-MacBook-Air.local" name="com.mobile.ragression.HBGRegressionTests07to13" tests="7" failures="0" timestamp="13 Jun 2019 20:19:57 GMT" time="306.174" errors="0">
  <testcase name="OpenApp" time="129.015" classname="com.mobile.ragression.HBGRegressionTests07to13"/>
  <testcase name="ModProRegScenario1" time="53.513" classname="com.mobile.ragression.HBGRegressionTests07to13"/>
  <testcase name="ModProRegScenario2" time="40.168" classname="com.mobile.ragression.HBGRegressionTests07to13"/>
  <testcase name="ModProRegScenario3" time="20.473" classname="com.mobile.ragression.HBGRegressionTests07to13"/>
  <testcase name="ModProRegScenario4" time="22.056" classname="com.mobile.ragression.HBGRegressionTests07to13"/>
  <testcase name="ModProRegScenario5" time="20.410" classname="com.mobile.ragression.HBGRegressionTests07to13"/>
  <testcase name="ModProRegScenario6" time="20.539" classname="com.mobile.ragression.HBGRegressionTests07to13"/>
</testsuite> <!-- com.mobile.ragression.HBGRegressionTests07to13 -->
