<?xml version="1.0" encoding="UTF-8"?>
<!-- Generated by org.testng.reporters.JUnitReportReporter -->
<testsuite skipped="0" hostname="KPs-MacBook-Air.local" name="com.mobile.ragression.ModProRegressionTests19to24" tests="7" failures="0" timestamp="06 Jun 2019 19:16:10 GMT" time="378.216" errors="0">
  <testcase name="OpenApp" time="150.354" classname="com.mobile.ragression.ModProRegressionTests19to24"/>
  <testcase name="ModProRegScenario19" time="68.441" classname="com.mobile.ragression.ModProRegressionTests19to24"/>
  <testcase name="ModProRegScenario20" time="27.773" classname="com.mobile.ragression.ModProRegressionTests19to24"/>
  <testcase name="ModProRegScenario21" time="53.180" classname="com.mobile.ragression.ModProRegressionTests19to24"/>
  <testcase name="ModProRegScenario22" time="26.726" classname="com.mobile.ragression.ModProRegressionTests19to24"/>
  <testcase name="ModProRegScenario23" time="21.452" classname="com.mobile.ragression.ModProRegressionTests19to24"/>
  <testcase name="ModProRegScenario24" time="30.290" classname="com.mobile.ragression.ModProRegressionTests19to24"/>
</testsuite> <!-- com.mobile.ragression.ModProRegressionTests19to24 -->
