<?xml version="1.0" encoding="UTF-8"?>
<!-- Generated by org.testng.reporters.JUnitReportReporter -->
<testsuite skipped="13" hostname="hebu09.hollandco.com" name="com.mobile.datamanage.config.ModProSmokeTests" tests="15" failures="1" timestamp="13 Jun 2019 16:34:37 GMT" time="2.139" errors="1">
  <testcase name="quit" time="0.041" classname="com.mobile.datamanage.config.ModProSmokeTests">
    <error type="java.lang.NullPointerException">
      <![CDATA[java.lang.NullPointerException
at com.mobile.datamanage.config.ModProSmokeTests.quit(ModProSmokeTests.java:469)
at sun.reflect.NativeMethodAccessorImpl.invoke0(Native Method)
at sun.reflect.NativeMethodAccessorImpl.invoke(NativeMethodAccessorImpl.java:62)
at sun.reflect.DelegatingMethodAccessorImpl.invoke(DelegatingMethodAccessorImpl.java:43)
at java.lang.reflect.Method.invoke(Method.java:498)
at org.testng.internal.MethodInvocationHelper.invokeMethod(MethodInvocationHelper.java:124)
at org.testng.internal.MethodInvocationHelper.invokeMethodConsideringTimeout(MethodInvocationHelper.java:59)
at org.testng.internal.Invoker.invokeConfigurationMethod(Invoker.java:455)
at org.testng.internal.Invoker.invokeConfigurations(Invoker.java:222)
at org.testng.internal.Invoker.invokeConfigurations(Invoker.java:142)
at org.testng.TestRunner.afterRun(TestRunner.java:725)
at org.testng.TestRunner.run(TestRunner.java:509)
at org.testng.SuiteRunner.runTest(SuiteRunner.java:455)
at org.testng.SuiteRunner.runSequentially(SuiteRunner.java:450)
at org.testng.SuiteRunner.privateRun(SuiteRunner.java:415)
at org.testng.SuiteRunner.run(SuiteRunner.java:364)
at org.testng.SuiteRunnerWorker.runSuite(SuiteRunnerWorker.java:52)
at org.testng.SuiteRunnerWorker.run(SuiteRunnerWorker.java:84)
at org.testng.TestNG.runSuitesSequentially(TestNG.java:1208)
at org.testng.TestNG.runSuitesLocally(TestNG.java:1137)
at org.testng.TestNG.runSuites(TestNG.java:1049)
at org.testng.TestNG.run(TestNG.java:1017)
at org.testng.remote.AbstractRemoteTestNG.run(AbstractRemoteTestNG.java:114)
at org.testng.remote.RemoteTestNG.initAndRun(RemoteTestNG.java:251)
at org.testng.remote.RemoteTestNG.main(RemoteTestNG.java:77)
]]>
    </error>
  </testcase> <!-- quit -->
  <testcase name="OpenApp" time="2.098" classname="com.mobile.datamanage.config.ModProSmokeTests">
    <failure type="java.lang.AssertionError" message="Driver failed to start - Connection refused (Connection refused)
Build info: version: &#039;3.141.59&#039;, revision: &#039;e82be7d358&#039;, time: &#039;2018-11-14T08:17:03&#039;
System info: host: &#039;hebu09.hollandco.com&#039;, ip: &#039;fe80:0:0:0:861:3ede:b64:9cc0%en0&#039;, os.name: &#039;Mac OS X&#039;, os.arch: &#039;x86_64&#039;, os.version: &#039;10.14.4&#039;, java.version: &#039;1.8.0_201&#039;
Driver info: driver.version: IOSDriver">
      <![CDATA[java.lang.AssertionError: Driver failed to start - Connection refused (Connection refused)
Build info: version: '3.141.59', revision: 'e82be7d358', time: '2018-11-14T08:17:03'
System info: host: 'hebu09.hollandco.com', ip: 'fe80:0:0:0:861:3ede:b64:9cc0%en0', os.name: 'Mac OS X', os.arch: 'x86_64', os.version: '10.14.4', java.version: '1.8.0_201'
Driver info: driver.version: IOSDriver
at org.testng.Assert.fail(Assert.java:96)
at com.mobile.datamanage.config.BaseTest.openapp(BaseTest.java:108)
at com.mobile.datamanage.config.ModProSmokeTests.OpenApp(ModProSmokeTests.java:50)
at sun.reflect.NativeMethodAccessorImpl.invoke0(Native Method)
at sun.reflect.NativeMethodAccessorImpl.invoke(NativeMethodAccessorImpl.java:62)
at sun.reflect.DelegatingMethodAccessorImpl.invoke(DelegatingMethodAccessorImpl.java:43)
at java.lang.reflect.Method.invoke(Method.java:498)
at org.testng.internal.MethodInvocationHelper.invokeMethod(MethodInvocationHelper.java:124)
at org.testng.internal.Invoker.invokeMethod(Invoker.java:580)
at org.testng.internal.Invoker.invokeTestMethod(Invoker.java:716)
at org.testng.internal.Invoker.invokeTestMethods(Invoker.java:988)
at org.testng.internal.TestMethodWorker.invokeTestMethods(TestMethodWorker.java:125)
at org.testng.internal.TestMethodWorker.run(TestMethodWorker.java:109)
at org.testng.TestRunner.privateRun(TestRunner.java:648)
at org.testng.TestRunner.run(TestRunner.java:505)
at org.testng.SuiteRunner.runTest(SuiteRunner.java:455)
at org.testng.SuiteRunner.runSequentially(SuiteRunner.java:450)
at org.testng.SuiteRunner.privateRun(SuiteRunner.java:415)
at org.testng.SuiteRunner.run(SuiteRunner.java:364)
at org.testng.SuiteRunnerWorker.runSuite(SuiteRunnerWorker.java:52)
at org.testng.SuiteRunnerWorker.run(SuiteRunnerWorker.java:84)
at org.testng.TestNG.runSuitesSequentially(TestNG.java:1208)
at org.testng.TestNG.runSuitesLocally(TestNG.java:1137)
at org.testng.TestNG.runSuites(TestNG.java:1049)
at org.testng.TestNG.run(TestNG.java:1017)
at org.testng.remote.AbstractRemoteTestNG.run(AbstractRemoteTestNG.java:114)
at org.testng.remote.RemoteTestNG.initAndRun(RemoteTestNG.java:251)
at org.testng.remote.RemoteTestNG.main(RemoteTestNG.java:77)
]]>
    </failure>
  </testcase> <!-- OpenApp -->
  <testcase name="newReport" time="0.000" classname="com.mobile.datamanage.config.ModProSmokeTests">
    <skipped/>
  </testcase> <!-- newReport -->
  <testcase name="ShiftStart" time="0.000" classname="com.mobile.datamanage.config.ModProSmokeTests">
    <skipped/>
  </testcase> <!-- ShiftStart -->
  <testcase name="JobInfo" time="0.000" classname="com.mobile.datamanage.config.ModProSmokeTests">
    <skipped/>
  </testcase> <!-- JobInfo -->
  <testcase name="Welds_Activities" time="0.000" classname="com.mobile.datamanage.config.ModProSmokeTests">
    <skipped/>
  </testcase> <!-- Welds_Activities -->
  <testcase name="MissedWelds" time="0.000" classname="com.mobile.datamanage.config.ModProSmokeTests">
    <skipped/>
  </testcase> <!-- MissedWelds -->
  <testcase name="Inventory" time="0.000" classname="com.mobile.datamanage.config.ModProSmokeTests">
    <skipped/>
  </testcase> <!-- Inventory -->
  <testcase name="HyRailBrake" time="0.000" classname="com.mobile.datamanage.config.ModProSmokeTests">
    <skipped/>
  </testcase> <!-- HyRailBrake -->
  <testcase name="EndShift" time="0.000" classname="com.mobile.datamanage.config.ModProSmokeTests">
    <skipped/>
  </testcase> <!-- EndShift -->
  <testcase name="CrewTime" time="0.000" classname="com.mobile.datamanage.config.ModProSmokeTests">
    <skipped/>
  </testcase> <!-- CrewTime -->
  <testcase name="ProductionValue" time="0.000" classname="com.mobile.datamanage.config.ModProSmokeTests">
    <skipped/>
  </testcase> <!-- ProductionValue -->
  <testcase name="CheckingWeldsActivities" time="0.000" classname="com.mobile.datamanage.config.ModProSmokeTests">
    <skipped/>
  </testcase> <!-- CheckingWeldsActivities -->
  <testcase name="ReviewFullReport" time="0.000" classname="com.mobile.datamanage.config.ModProSmokeTests">
    <skipped/>
  </testcase> <!-- ReviewFullReport -->
  <testcase name="Signature" time="0.000" classname="com.mobile.datamanage.config.ModProSmokeTests">
    <skipped/>
  </testcase> <!-- Signature -->
</testsuite> <!-- com.mobile.datamanage.config.ModProSmokeTests -->
