<?xml version="1.0" encoding="UTF-8"?>
<!-- Generated by org.testng.reporters.JUnitReportReporter -->
<testsuite skipped="0" hostname="KPs-MacBook-Air.local" name="com.mobile.ragression.ModProSmokeTests" tests="13" failures="0" timestamp="05 Jun 2019 16:46:15 GMT" time="626.473" errors="0">
  <testcase name="OpenApp" time="205.511" classname="com.mobile.ragression.ModProSmokeTests"/>
  <testcase name="ModProRegScenario1" time="79.131" classname="com.mobile.ragression.ModProSmokeTests"/>
  <testcase name="ModProRegScenario2" time="45.173" classname="com.mobile.ragression.ModProSmokeTests"/>
  <testcase name="ModProRegScenario3" time="29.572" classname="com.mobile.ragression.ModProSmokeTests"/>
  <testcase name="ModProRegScenario4" time="12.553" classname="com.mobile.ragression.ModProSmokeTests"/>
  <testcase name="ModProRegScenario5" time="14.075" classname="com.mobile.ragression.ModProSmokeTests"/>
  <testcase name="ModProRegScenario6" time="22.409" classname="com.mobile.ragression.ModProSmokeTests"/>
  <testcase name="ModProRegScenario7" time="97.270" classname="com.mobile.ragression.ModProSmokeTests"/>
  <testcase name="ModProRegScenario8" time="34.952" classname="com.mobile.ragression.ModProSmokeTests"/>
  <testcase name="ModProRegScenario9" time="21.631" classname="com.mobile.ragression.ModProSmokeTests"/>
  <testcase name="ModProRegScenario10" time="21.572" classname="com.mobile.ragression.ModProSmokeTests"/>
  <testcase name="ModProRegScenario11" time="21.749" classname="com.mobile.ragression.ModProSmokeTests"/>
  <testcase name="ModProRegScenario12" time="20.875" classname="com.mobile.ragression.ModProSmokeTests"/>
</testsuite> <!-- com.mobile.ragression.ModProSmokeTests -->
