<?xml version="1.0" encoding="UTF-8"?>
<!-- Generated by org.testng.reporters.JUnitReportReporter -->
<testsuite skipped="0" hostname="KPs-MacBook-Air.local" name="com.mobile.functional.HTECFunctionalTests2" tests="2" failures="0" timestamp="27 Sep 2019 15:22:32 GMT" time="166.181" errors="0">
  <testcase name="OpenApp" time="141.128" classname="com.mobile.functional.HTECFunctionalTests2"/>
  <testcase name="HTECFunctionalTest" time="25.053" classname="com.mobile.functional.HTECFunctionalTests2"/>
</testsuite> <!-- com.mobile.functional.HTECFunctionalTests2 -->
