<?xml version="1.0" encoding="UTF-8"?>
<!-- Generated by org.testng.reporters.JUnitReportReporter -->
<testsuite skipped="0" hostname="KPs-MacBook-Air.local" name="com.mobile.ragression.ModProRegressionTests37to42" tests="7" failures="0" timestamp="04 Oct 2019 20:54:29 GMT" time="333.300" errors="0">
  <testcase name="OpenApp" time="153.914" classname="com.mobile.ragression.ModProRegressionTests37to42"/>
  <testcase name="ModProRegScenario37" time="72.281" classname="com.mobile.ragression.ModProRegressionTests37to42"/>
  <testcase name="ModProRegScenario38" time="27.646" classname="com.mobile.ragression.ModProRegressionTests37to42"/>
  <testcase name="ModProRegScenario39" time="27.635" classname="com.mobile.ragression.ModProRegressionTests37to42"/>
  <testcase name="ModProRegScenario40" time="2.254" classname="com.mobile.ragression.ModProRegressionTests37to42"/>
  <testcase name="ModProRegScenario41" time="27.999" classname="com.mobile.ragression.ModProRegressionTests37to42"/>
  <testcase name="ModProRegScenario42" time="21.571" classname="com.mobile.ragression.ModProRegressionTests37to42"/>
</testsuite> <!-- com.mobile.ragression.ModProRegressionTests37to42 -->
