<?xml version="1.0" encoding="UTF-8"?>
<!-- Generated by org.testng.reporters.JUnitReportReporter -->
<testsuite skipped="0" hostname="KPs-MacBook-Air.local" name="com.mobile.functional.HBGFunctionalTests1" tests="9" failures="0" timestamp="17 Jul 2019 18:34:29 GMT" time="134.002" errors="0">
  <testcase name="OpenApp" time="123.437" classname="com.mobile.functional.HBGFunctionalTests1"/>
  <testcase name="HBGFunctionalTest" time="6.590" classname="com.mobile.functional.HBGFunctionalTests1"/>
  <testcase name="HBGFunctionalTest2" time="0.582" classname="com.mobile.functional.HBGFunctionalTests1"/>
  <testcase name="HBGFunctionalTest3" time="0.573" classname="com.mobile.functional.HBGFunctionalTests1"/>
  <testcase name="HBGFunctionalTest4" time="0.568" classname="com.mobile.functional.HBGFunctionalTests1"/>
  <testcase name="HBGFunctionalTest5" time="0.573" classname="com.mobile.functional.HBGFunctionalTests1"/>
  <testcase name="HBGFunctionalTest6" time="0.560" classname="com.mobile.functional.HBGFunctionalTests1"/>
  <testcase name="HBGFunctionalTest7" time="0.560" classname="com.mobile.functional.HBGFunctionalTests1"/>
  <testcase name="HBGFunctionalTest8" time="0.559" classname="com.mobile.functional.HBGFunctionalTests1"/>
</testsuite> <!-- com.mobile.functional.HBGFunctionalTests1 -->
