<?xml version="1.0" encoding="UTF-8"?>
<!-- Generated by org.testng.reporters.JUnitReportReporter -->
<testsuite skipped="0" hostname="KPs-MacBook-Air.local" name="com.mobile.ragression.HBGRegressionTests07to13" tests="7" failures="0" timestamp="17 Jun 2019 18:41:20 GMT" time="305.875" errors="0">
  <testcase name="OpenApp" time="129.582" classname="com.mobile.ragression.HBGRegressionTests07to13"/>
  <testcase name="ModProRegScenario1" time="53.552" classname="com.mobile.ragression.HBGRegressionTests07to13"/>
  <testcase name="HBGRegScenario2" time="34.526" classname="com.mobile.ragression.HBGRegressionTests07to13"/>
  <testcase name="HBGRegScenario3" time="21.486" classname="com.mobile.ragression.HBGRegressionTests07to13"/>
  <testcase name="HBGRegScenario4" time="23.922" classname="com.mobile.ragression.HBGRegressionTests07to13"/>
  <testcase name="HBGRegScenario5" time="21.253" classname="com.mobile.ragression.HBGRegressionTests07to13"/>
  <testcase name="HBGRegScenario6" time="21.554" classname="com.mobile.ragression.HBGRegressionTests07to13"/>
</testsuite> <!-- com.mobile.ragression.HBGRegressionTests07to13 -->
