<?xml version="1.0" encoding="UTF-8"?>
<!-- Generated by org.testng.reporters.JUnitReportReporter -->
<testsuite skipped="0" hostname="KPs-MacBook-Air.local" name="com.mobile.ragression.HBGRegressionTests01to06" tests="7" failures="0" timestamp="22 Nov 2019 22:10:26 GMT" time="359.119" errors="0">
  <testcase name="OpenApp" time="169.978" classname="com.mobile.ragression.HBGRegressionTests01to06"/>
  <testcase name="HBGRegScenario1" time="66.590" classname="com.mobile.ragression.HBGRegressionTests01to06"/>
  <testcase name="HBGRegScenario2" time="27.937" classname="com.mobile.ragression.HBGRegressionTests01to06"/>
  <testcase name="HBGRegScenario3" time="21.512" classname="com.mobile.ragression.HBGRegressionTests01to06"/>
  <testcase name="HBGRegScenario4" time="31.249" classname="com.mobile.ragression.HBGRegressionTests01to06"/>
  <testcase name="HBGRegScenario5" time="20.835" classname="com.mobile.ragression.HBGRegressionTests01to06"/>
  <testcase name="HBGRegScenario6" time="21.018" classname="com.mobile.ragression.HBGRegressionTests01to06"/>
</testsuite> <!-- com.mobile.ragression.HBGRegressionTests01to06 -->
