<?xml version="1.0" encoding="UTF-8"?>
<!-- Generated by org.testng.reporters.JUnitReportReporter -->
<testsuite skipped="0" hostname="KPs-MacBook-Air.local" name="UITest.UiTest" tests="1" failures="0" timestamp="21 Mar 2019 13:20:09 GMT" time="0.019" errors="0">
  <testcase name="launchApp" time="0.019" classname="UITest.UiTest"/>
</testsuite> <!-- UITest.UiTest -->
