<?xml version="1.0" encoding="UTF-8"?>
<!-- Generated by org.testng.reporters.JUnitReportReporter -->
<testsuite skipped="0" hostname="KPs-MacBook-Air.local" name="com.mobile.functional.HTECFunctionalTests01" tests="2" failures="0" timestamp="11 Jul 2019 04:05:39 GMT" time="161.891" errors="0">
  <testcase name="OpenApp" time="136.183" classname="com.mobile.functional.HTECFunctionalTests01"/>
  <testcase name="HTECFunctionalTest" time="25.708" classname="com.mobile.functional.HTECFunctionalTests01"/>
</testsuite> <!-- com.mobile.functional.HTECFunctionalTests01 -->
