<?xml version="1.0" encoding="UTF-8"?>
<!-- Generated by org.testng.reporters.JUnitReportReporter -->
<testsuite skipped="0" hostname="KPs-MacBook-Air.local" name="com.mobile.ragression.HBGRegressionTests07to13" tests="7" failures="0" timestamp="13 Jun 2019 18:23:14 GMT" time="301.425" errors="0">
  <testcase name="OpenApp" time="125.130" classname="com.mobile.ragression.HBGRegressionTests07to13"/>
  <testcase name="ModProRegScenario1" time="66.169" classname="com.mobile.ragression.HBGRegressionTests07to13"/>
  <testcase name="ModProRegScenario2" time="28.870" classname="com.mobile.ragression.HBGRegressionTests07to13"/>
  <testcase name="ModProRegScenario3" time="20.393" classname="com.mobile.ragression.HBGRegressionTests07to13"/>
  <testcase name="ModProRegScenario4" time="20.299" classname="com.mobile.ragression.HBGRegressionTests07to13"/>
  <testcase name="ModProRegScenario5" time="20.279" classname="com.mobile.ragression.HBGRegressionTests07to13"/>
  <testcase name="ModProRegScenario6" time="20.285" classname="com.mobile.ragression.HBGRegressionTests07to13"/>
</testsuite> <!-- com.mobile.ragression.HBGRegressionTests07to13 -->
