<?xml version="1.0" encoding="UTF-8"?>
<!-- Generated by org.testng.reporters.JUnitReportReporter -->
<testsuite skipped="0" hostname="KPs-MacBook-Air.local" name="com.mobile.ragression.ModProRegressionTests19to24" tests="7" failures="0" timestamp="04 Oct 2019 20:07:50 GMT" time="378.938" errors="0">
  <testcase name="OpenApp" time="150.005" classname="com.mobile.ragression.ModProRegressionTests19to24"/>
  <testcase name="ModProRegScenario19" time="71.383" classname="com.mobile.ragression.ModProRegressionTests19to24"/>
  <testcase name="ModProRegScenario20" time="30.208" classname="com.mobile.ragression.ModProRegressionTests19to24"/>
  <testcase name="ModProRegScenario21" time="54.792" classname="com.mobile.ragression.ModProRegressionTests19to24"/>
  <testcase name="ModProRegScenario22" time="29.418" classname="com.mobile.ragression.ModProRegressionTests19to24"/>
  <testcase name="ModProRegScenario23" time="21.568" classname="com.mobile.ragression.ModProRegressionTests19to24"/>
  <testcase name="ModProRegScenario24" time="21.564" classname="com.mobile.ragression.ModProRegressionTests19to24"/>
</testsuite> <!-- com.mobile.ragression.ModProRegressionTests19to24 -->
