<?xml version="1.0" encoding="UTF-8"?>
<!-- Generated by org.testng.reporters.JUnitReportReporter -->
<testsuite skipped="0" hostname="KPs-MacBook-Air.local" name="com.mobile.functional.HTECFunctionalTests2" tests="2" failures="0" timestamp="11 Jul 2019 04:20:21 GMT" time="169.862" errors="0">
  <testcase name="OpenApp" time="144.283" classname="com.mobile.functional.HTECFunctionalTests2"/>
  <testcase name="HTECFunctionalTest" time="25.579" classname="com.mobile.functional.HTECFunctionalTests2"/>
</testsuite> <!-- com.mobile.functional.HTECFunctionalTests2 -->
