<?xml version="1.0" encoding="UTF-8"?>
<!-- Generated by org.testng.reporters.JUnitReportReporter -->
<testsuite skipped="0" hostname="KPs-MacBook-Air.local" name="com.mobile.functional.HTECFunctionalTests2" tests="2" failures="0" timestamp="27 Sep 2019 20:04:37 GMT" time="168.957" errors="0">
  <testcase name="OpenApp" time="143.281" classname="com.mobile.functional.HTECFunctionalTests2"/>
  <testcase name="HTECFunctionalTest" time="25.676" classname="com.mobile.functional.HTECFunctionalTests2"/>
</testsuite> <!-- com.mobile.functional.HTECFunctionalTests2 -->
