<?xml version="1.0" encoding="UTF-8"?>
<!-- Generated by org.testng.reporters.JUnitReportReporter -->
<testsuite skipped="0" hostname="KPs-MacBook-Air.local" name="com.mobile.ragression.HTECRegressionTests15to20" tests="7" failures="0" timestamp="27 Sep 2019 19:34:47 GMT" time="392.718" errors="0">
  <testcase name="OpenApp" time="124.239" classname="com.mobile.ragression.HTECRegressionTests15to20"/>
  <testcase name="HTECRegScenario15" time="69.410" classname="com.mobile.ragression.HTECRegressionTests15to20"/>
  <testcase name="HTECRegScenario16" time="32.747" classname="com.mobile.ragression.HTECRegressionTests15to20"/>
  <testcase name="HTECRegScenario17" time="80.947" classname="com.mobile.ragression.HTECRegressionTests15to20"/>
  <testcase name="HTECRegScenario18" time="43.027" classname="com.mobile.ragression.HTECRegressionTests15to20"/>
  <testcase name="HTECRegScenario19" time="21.271" classname="com.mobile.ragression.HTECRegressionTests15to20"/>
  <testcase name="HTECRegScenario20" time="21.077" classname="com.mobile.ragression.HTECRegressionTests15to20"/>
</testsuite> <!-- com.mobile.ragression.HTECRegressionTests15to20 -->
