<?xml version="1.0" encoding="UTF-8"?>
<!-- Generated by org.testng.reporters.JUnitReportReporter -->
<testsuite skipped="0" hostname="KPs-MacBook-Air.local" name="com.mobile.ragression.ModProRegressionTests25to30" tests="7" failures="0" timestamp="06 Jun 2019 19:44:16 GMT" time="372.475" errors="0">
  <testcase name="OpenApp" time="148.149" classname="com.mobile.ragression.ModProRegressionTests25to30"/>
  <testcase name="ModProRegScenario25" time="79.560" classname="com.mobile.ragression.ModProRegressionTests25to30"/>
  <testcase name="ModProRegScenario26" time="45.697" classname="com.mobile.ragression.ModProRegressionTests25to30"/>
  <testcase name="ModProRegScenario27" time="27.826" classname="com.mobile.ragression.ModProRegressionTests25to30"/>
  <testcase name="ModProRegScenario28" time="27.965" classname="com.mobile.ragression.ModProRegressionTests25to30"/>
  <testcase name="ModProRegScenario29" time="21.735" classname="com.mobile.ragression.ModProRegressionTests25to30"/>
  <testcase name="ModProRegScenario30" time="21.543" classname="com.mobile.ragression.ModProRegressionTests25to30"/>
</testsuite> <!-- com.mobile.ragression.ModProRegressionTests25to30 -->
