<?xml version="1.0" encoding="UTF-8"?>
<!-- Generated by org.testng.reporters.JUnitReportReporter -->
<testsuite skipped="0" hostname="KPs-MacBook-Air.local" name="com.mobile.datamanage.config.ModProSmokeTests" tests="14" failures="0" timestamp="21 Aug 2019 20:06:35 GMT" time="809.044" errors="0">
  <testcase name="OpenApp" time="20.658" classname="com.mobile.datamanage.config.ModProSmokeTests"/>
  <testcase name="newReport" time="35.311" classname="com.mobile.datamanage.config.ModProSmokeTests"/>
  <testcase name="ShiftStart" time="87.152" classname="com.mobile.datamanage.config.ModProSmokeTests"/>
  <testcase name="JobInfo" time="315.579" classname="com.mobile.datamanage.config.ModProSmokeTests"/>
  <testcase name="Welds_Activities" time="16.017" classname="com.mobile.datamanage.config.ModProSmokeTests"/>
  <testcase name="MissedWelds" time="14.269" classname="com.mobile.datamanage.config.ModProSmokeTests"/>
  <testcase name="Inventory" time="6.078" classname="com.mobile.datamanage.config.ModProSmokeTests"/>
  <testcase name="HyRailBrake" time="109.353" classname="com.mobile.datamanage.config.ModProSmokeTests"/>
  <testcase name="EndShift" time="28.041" classname="com.mobile.datamanage.config.ModProSmokeTests"/>
  <testcase name="CrewTime" time="26.257" classname="com.mobile.datamanage.config.ModProSmokeTests"/>
  <testcase name="ProductionValue" time="86.607" classname="com.mobile.datamanage.config.ModProSmokeTests"/>
  <testcase name="CheckingWeldsActivities" time="33.165" classname="com.mobile.datamanage.config.ModProSmokeTests"/>
  <testcase name="ReviewFullReport" time="4.468" classname="com.mobile.datamanage.config.ModProSmokeTests"/>
  <testcase name="Signature" time="26.089" classname="com.mobile.datamanage.config.ModProSmokeTests"/>
</testsuite> <!-- com.mobile.datamanage.config.ModProSmokeTests -->
