<?xml version="1.0" encoding="UTF-8"?>
<!-- Generated by org.testng.reporters.JUnitReportReporter -->
<testsuite skipped="0" hostname="KPs-MacBook-Air.local" name="com.mobile.ragression.HBGRegressionTests13to18" tests="7" failures="0" timestamp="17 Jun 2019 19:50:54 GMT" time="284.711" errors="0">
  <testcase name="OpenApp" time="123.489" classname="com.mobile.ragression.HBGRegressionTests13to18"/>
  <testcase name="HBGRegScenario13" time="46.798" classname="com.mobile.ragression.HBGRegressionTests13to18"/>
  <testcase name="HBGRegScenario14" time="24.904" classname="com.mobile.ragression.HBGRegressionTests13to18"/>
  <testcase name="HBGRegScenario15" time="22.600" classname="com.mobile.ragression.HBGRegressionTests13to18"/>
  <testcase name="HBGRegScenario16" time="21.405" classname="com.mobile.ragression.HBGRegressionTests13to18"/>
  <testcase name="HBGRegScenario17" time="23.956" classname="com.mobile.ragression.HBGRegressionTests13to18"/>
  <testcase name="HBGRegScenario18" time="21.559" classname="com.mobile.ragression.HBGRegressionTests13to18"/>
</testsuite> <!-- com.mobile.ragression.HBGRegressionTests13to18 -->
