<?xml version="1.0" encoding="UTF-8"?>
<!-- Generated by org.testng.reporters.JUnitReportReporter -->
<testsuite skipped="0" hostname="KPs-MacBook-Air.local" name="com.mobile.functional.HBGFunctionalTests1" tests="9" failures="0" timestamp="26 Jul 2019 18:35:28 GMT" time="196.042" errors="0">
  <testcase name="OpenApp" time="123.915" classname="com.mobile.functional.HBGFunctionalTests1"/>
  <testcase name="HBGFunctionalTest" time="6.486" classname="com.mobile.functional.HBGFunctionalTests1"/>
  <testcase name="HBGFunctionalTest2" time="33.206" classname="com.mobile.functional.HBGFunctionalTests1"/>
  <testcase name="HBGFunctionalTest3" time="29.488" classname="com.mobile.functional.HBGFunctionalTests1"/>
  <testcase name="HBGFunctionalTest4" time="0.598" classname="com.mobile.functional.HBGFunctionalTests1"/>
  <testcase name="HBGFunctionalTest5" time="0.579" classname="com.mobile.functional.HBGFunctionalTests1"/>
  <testcase name="HBGFunctionalTest6" time="0.574" classname="com.mobile.functional.HBGFunctionalTests1"/>
  <testcase name="HBGFunctionalTest7" time="0.577" classname="com.mobile.functional.HBGFunctionalTests1"/>
  <testcase name="HBGFunctionalTest8" time="0.619" classname="com.mobile.functional.HBGFunctionalTests1"/>
</testsuite> <!-- com.mobile.functional.HBGFunctionalTests1 -->
