<?xml version="1.0" encoding="UTF-8"?>
<!-- Generated by org.testng.reporters.JUnitReportReporter -->
<testsuite skipped="0" hostname="KPs-MacBook-Air.local" name="com.mobile.ragression.ModProRegressionTests19to24" tests="7" failures="0" timestamp="02 Oct 2019 19:05:51 GMT" time="423.657" errors="0">
  <testcase name="OpenApp" time="187.168" classname="com.mobile.ragression.ModProRegressionTests19to24"/>
  <testcase name="ModProRegScenario19" time="71.603" classname="com.mobile.ragression.ModProRegressionTests19to24"/>
  <testcase name="ModProRegScenario20" time="30.262" classname="com.mobile.ragression.ModProRegressionTests19to24"/>
  <testcase name="ModProRegScenario21" time="54.722" classname="com.mobile.ragression.ModProRegressionTests19to24"/>
  <testcase name="ModProRegScenario22" time="29.233" classname="com.mobile.ragression.ModProRegressionTests19to24"/>
  <testcase name="ModProRegScenario23" time="29.081" classname="com.mobile.ragression.ModProRegressionTests19to24"/>
  <testcase name="ModProRegScenario24" time="21.588" classname="com.mobile.ragression.ModProRegressionTests19to24"/>
</testsuite> <!-- com.mobile.ragression.ModProRegressionTests19to24 -->
