<?xml version="1.0" encoding="UTF-8"?>
<!-- Generated by org.testng.reporters.JUnitReportReporter -->
<testsuite skipped="0" hostname="KPs-MacBook-Air.local" name="com.mobile.datamanage.config.TestInc" tests="2" failures="0" timestamp="25 Mar 2019 16:52:49 GMT" time="70.054" errors="0">
  <testcase name="OpenApp" time="10.151" classname="com.mobile.datamanage.config.TestInc"/>
  <testcase name="newReport" time="59.903" classname="com.mobile.datamanage.config.TestInc"/>
</testsuite> <!-- com.mobile.datamanage.config.TestInc -->
