<?xml version="1.0" encoding="UTF-8"?>
<!-- Generated by org.testng.reporters.JUnitReportReporter -->
<testsuite skipped="0" hostname="KPs-MacBook-Air.local" name="UITest.DirectExecution" tests="1" failures="0" timestamp="04 Mar 2019 16:25:35 GMT" time="363.791" errors="0">
  <testcase name="testApp" time="363.791" classname="UITest.DirectExecution"/>
</testsuite> <!-- UITest.DirectExecution -->
