<?xml version="1.0" encoding="UTF-8"?>
<!-- Generated by org.testng.reporters.JUnitReportReporter -->
<testsuite skipped="0" hostname="KPs-MacBook-Air.local" name="com.mobile.ragression.ModProRegressionTests37to42" tests="7" failures="0" timestamp="02 Oct 2019 19:30:59 GMT" time="345.697" errors="0">
  <testcase name="OpenApp" time="168.016" classname="com.mobile.ragression.ModProRegressionTests37to42"/>
  <testcase name="ModProRegScenario37" time="71.804" classname="com.mobile.ragression.ModProRegressionTests37to42"/>
  <testcase name="ModProRegScenario38" time="27.475" classname="com.mobile.ragression.ModProRegressionTests37to42"/>
  <testcase name="ModProRegScenario39" time="27.319" classname="com.mobile.ragression.ModProRegressionTests37to42"/>
  <testcase name="ModProRegScenario40" time="2.244" classname="com.mobile.ragression.ModProRegressionTests37to42"/>
  <testcase name="ModProRegScenario41" time="27.685" classname="com.mobile.ragression.ModProRegressionTests37to42"/>
  <testcase name="ModProRegScenario42" time="21.154" classname="com.mobile.ragression.ModProRegressionTests37to42"/>
</testsuite> <!-- com.mobile.ragression.ModProRegressionTests37to42 -->
