<?xml version="1.0" encoding="UTF-8"?>
<!-- Generated by org.testng.reporters.JUnitReportReporter -->
<testsuite skipped="0" hostname="KPs-MacBook-Air.local" name="com.mobile.ragression.HBGRegressionTests01to7" tests="7" failures="0" timestamp="13 Jun 2019 17:57:41 GMT" time="301.080" errors="0">
  <testcase name="OpenApp" time="124.667" classname="com.mobile.ragression.HBGRegressionTests01to7"/>
  <testcase name="ModProRegScenario1" time="65.946" classname="com.mobile.ragression.HBGRegressionTests01to7"/>
  <testcase name="ModProRegScenario2" time="29.023" classname="com.mobile.ragression.HBGRegressionTests01to7"/>
  <testcase name="ModProRegScenario3" time="20.359" classname="com.mobile.ragression.HBGRegressionTests01to7"/>
  <testcase name="ModProRegScenario4" time="20.323" classname="com.mobile.ragression.HBGRegressionTests01to7"/>
  <testcase name="ModProRegScenario5" time="20.373" classname="com.mobile.ragression.HBGRegressionTests01to7"/>
  <testcase name="ModProRegScenario6" time="20.389" classname="com.mobile.ragression.HBGRegressionTests01to7"/>
</testsuite> <!-- com.mobile.ragression.HBGRegressionTests01to7 -->
