<?xml version="1.0" encoding="UTF-8"?>
<!-- Generated by org.testng.reporters.JUnitReportReporter -->
<testsuite skipped="0" hostname="KPs-MacBook-Air.local" name="com.mobile.functional.HTECFunctionalTests01" tests="2" failures="0" timestamp="27 Sep 2019 19:55:28 GMT" time="157.884" errors="0">
  <testcase name="OpenApp" time="132.293" classname="com.mobile.functional.HTECFunctionalTests01"/>
  <testcase name="HTECFunctionalTest" time="25.591" classname="com.mobile.functional.HTECFunctionalTests01"/>
</testsuite> <!-- com.mobile.functional.HTECFunctionalTests01 -->
